[2016-12-04 02:18:28] START
[2016-12-06 00:03:53] EDIT recipepdf/controllers/default.py: 14
[2016-12-06 00:04:25] EDIT recipepdf/controllers/default.py: 0
[2016-12-06 00:09:35] CREATE db1.py: 0
[2016-12-06 00:09:40] EDIT recipepdf/models/db1.py: 3
[2016-12-06 00:10:39] EDIT recipepdf/controllers/default.py: 20
[2016-12-06 00:33:06] EDIT recipepdf/controllers/default.py: 4
[2016-12-06 00:34:37] EDIT recipepdf/controllers/default.py: 0
[2016-12-06 00:35:25] EDIT recipepdf/controllers/default.py: 0
[2016-12-06 00:39:51] EDIT recipepdf/controllers/default.py: 2
[2016-12-06 00:41:14] EDIT recipepdf/controllers/default.py: 0
[2016-12-06 00:43:00] EDIT recipepdf/controllers/default.py: 1
[2016-12-06 00:45:29] EDIT recipepdf/controllers/default.py: -1
[2016-12-06 00:46:02] EDIT recipepdf/controllers/default.py: 0
[2016-12-06 00:46:31] EDIT recipepdf/controllers/default.py: 0
[2016-12-06 00:47:08] EDIT recipepdf/controllers/default.py: 0
[2016-12-06 00:49:55] EDIT recipepdf/controllers/default.py: 2
[2016-12-06 00:50:44] EDIT recipepdf/controllers/default.py: 0
[2016-12-06 00:52:01] EDIT recipepdf/controllers/default.py: 0
[2016-12-06 00:53:03] EDIT recipepdf/controllers/default.py: 0
[2016-12-06 00:55:57] EDIT recipepdf/controllers/default.py: 2
[2016-12-06 00:57:15] EDIT recipepdf/controllers/default.py: 0
[2016-12-06 09:15:58] EDIT recipepdf/controllers/default.py: 0
[2016-12-06 09:29:19] EDIT recipepdf/controllers/default.py: -3
[2016-12-06 09:29:51] EDIT recipepdf/controllers/default.py: 0
[2016-12-06 09:34:52] EDIT recipepdf/controllers/default.py: 0
[2016-12-06 09:35:49] EDIT recipepdf/controllers/default.py: 0
[2016-12-06 20:23:32] CREATE default/test_table.html: 0
[2016-12-06 20:23:37] EDIT recipepdf/views/default/test_table.html: 0
[2016-12-06 20:24:41] EDIT recipepdf/views/default/test_table.html: 1
[2016-12-06 20:27:54] EDIT recipepdf/views/default/test_table.html: 1
[2016-12-06 20:29:06] EDIT recipepdf/controllers/default.py: -2
[2016-12-06 20:30:56] EDIT recipepdf/controllers/default.py: 2
[2016-12-06 20:32:42] EDIT recipepdf/controllers/default.py: 0
[2016-12-06 20:34:30] EDIT recipepdf/controllers/default.py: 0
[2016-12-06 20:39:15] EDIT recipepdf/controllers/default.py: 0
[2016-12-06 20:47:08] EDIT recipepdf/controllers/default.py: 0
[2016-12-06 20:49:06] EDIT recipepdf/views/default/test_table.html: 0
[2016-12-06 20:54:11] EDIT recipepdf/views/default/test_table.html: 0
[2016-12-06 20:54:55] EDIT recipepdf/views/default/test_table.html: 2
[2016-12-06 20:59:18] EDIT recipepdf/controllers/default.py: 0
[2016-12-06 20:59:39] EDIT recipepdf/controllers/default.py: 0
[2016-12-06 21:00:06] EDIT recipepdf/views/default/test_table.html: 0
[2016-12-06 21:05:43] EDIT recipepdf/controllers/default.py: 0
[2016-12-06 21:08:10] EDIT recipepdf/controllers/default.py: 0
[2016-12-06 21:09:28] EDIT recipepdf/controllers/default.py: -3
[2016-12-06 21:09:43] EDIT recipepdf/views/default/test_table.html: -2
[2016-12-06 21:11:17] EDIT recipepdf/controllers/default.py: 0
[2016-12-06 21:12:46] EDIT recipepdf/controllers/default.py: -2
[2016-12-06 21:15:41] EDIT recipepdf/controllers/default.py: 0
[2016-12-06 21:15:52] EDIT recipepdf/controllers/default.py: 0
[2016-12-06 21:52:32] EDIT recipepdf/controllers/default.py: 0
[2016-12-06 21:53:23] EDIT recipepdf/controllers/default.py: 0
[2016-12-06 21:57:27] EDIT recipepdf/controllers/default.py: 0
[2016-12-06 21:57:48] EDIT recipepdf/controllers/default.py: 0
[2016-12-06 22:00:00] EDIT recipepdf/controllers/default.py: 0
[2016-12-06 22:04:30] EDIT recipepdf/controllers/default.py: -8
[2016-12-06 22:34:37] EDIT recipepdf/controllers/default.py: -1
[2016-12-06 22:34:56] EDIT recipepdf/controllers/default.py: 0
[2016-12-06 22:38:08] EDIT recipepdf/controllers/default.py: 0
[2016-12-06 22:38:55] EDIT recipepdf/controllers/default.py: 0
[2016-12-06 22:40:53] EDIT recipepdf/controllers/default.py: 0
[2016-12-06 22:43:04] EDIT recipepdf/controllers/default.py: 10
[2016-12-06 22:43:46] EDIT recipepdf/controllers/default.py: 0
[2016-12-06 22:44:45] EDIT recipepdf/controllers/default.py: 0
[2016-12-06 22:48:45] EDIT recipepdf/controllers/default.py: 0
[2016-12-07 09:20:14] EDIT recipepdf/controllers/default.py: 0
[2016-12-07 09:21:05] EDIT recipepdf/controllers/default.py: 0
[2016-12-07 20:30:59] EDIT recipepdf/controllers/default.py: -7
[2016-12-07 20:45:32] EDIT recipepdf/controllers/default.py: 1
[2016-12-07 20:46:09] EDIT recipepdf/controllers/default.py: 0
[2016-12-07 20:48:41] EDIT recipepdf/controllers/default.py: 0
[2016-12-07 20:50:08] EDIT recipepdf/controllers/default.py: 0
[2016-12-07 20:52:05] EDIT recipepdf/controllers/default.py: 0
[2016-12-07 20:54:37] EDIT recipepdf/controllers/default.py: 0
[2016-12-07 21:40:41] EDIT recipepdf/controllers/default.py: 0
[2016-12-07 21:41:26] EDIT recipepdf/controllers/default.py: 0
[2016-12-07 21:43:09] EDIT recipepdf/controllers/default.py: 0
[2016-12-07 21:43:22] EDIT recipepdf/controllers/default.py: 0
[2016-12-07 21:43:29] EDIT recipepdf/controllers/default.py: 0
[2016-12-07 21:44:40] EDIT recipepdf/controllers/default.py: 0
[2016-12-07 21:45:20] EDIT recipepdf/controllers/default.py: 0
[2016-12-07 21:45:58] EDIT recipepdf/controllers/default.py: 0
[2016-12-07 22:09:25] EDIT recipepdf/controllers/default.py: 10
[2016-12-07 22:10:17] EDIT recipepdf/controllers/default.py: 0
[2016-12-07 22:11:05] EDIT recipepdf/controllers/default.py: 1
[2016-12-07 22:24:53] EDIT recipepdf/controllers/default.py: 0
[2016-12-07 22:25:11] EDIT recipepdf/controllers/default.py: 0
[2016-12-07 22:30:10] EDIT recipepdf/controllers/default.py: 0
[2016-12-07 22:30:24] EDIT recipepdf/controllers/default.py: 0
[2016-12-07 22:32:17] EDIT recipepdf/controllers/default.py: 3
[2016-12-07 22:32:40] EDIT recipepdf/controllers/default.py: 0
[2016-12-07 22:33:55] EDIT recipepdf/controllers/default.py: 7
[2016-12-07 22:39:03] EDIT recipepdf/controllers/default.py: -6
[2016-12-07 22:39:37] EDIT recipepdf/controllers/default.py: 0
[2016-12-07 22:41:04] EDIT recipepdf/controllers/default.py: 0
[2016-12-07 22:43:44] EDIT recipepdf/controllers/default.py: 0
[2016-12-07 22:54:50] EDIT recipepdf/controllers/default.py: 8
[2016-12-07 22:55:22] EDIT recipepdf/controllers/default.py: 1
[2016-12-07 22:58:58] EDIT recipepdf/controllers/default.py: -3
[2016-12-07 23:01:05] EDIT recipepdf/controllers/default.py: 1
[2016-12-07 23:01:13] EDIT recipepdf/controllers/default.py: 0
[2016-12-07 23:03:48] EDIT recipepdf/controllers/default.py: 0
[2016-12-07 23:04:54] EDIT recipepdf/controllers/default.py: 0
[2016-12-07 23:53:07] EDIT recipepdf/controllers/default.py: 33
[2016-12-07 23:53:36] EDIT recipepdf/controllers/default.py: 0
[2016-12-07 23:55:47] EDIT recipepdf/controllers/default.py: 0
[2016-12-07 23:55:54] EDIT recipepdf/controllers/default.py: 0
[2016-12-07 23:58:11] EDIT recipepdf/controllers/default.py: 0
[2016-12-08 00:02:44] EDIT recipepdf/controllers/default.py: 0
[2016-12-08 00:03:59] EDIT recipepdf/controllers/default.py: 2
[2016-12-08 00:06:26] EDIT recipepdf/controllers/default.py: -6
[2016-12-08 00:18:23] EDIT recipepdf/controllers/default.py: 7
[2016-12-08 00:22:21] EDIT recipepdf/controllers/default.py: 0
[2016-12-08 00:22:49] EDIT recipepdf/controllers/default.py: 0
[2016-12-08 00:23:19] EDIT recipepdf/controllers/default.py: 0
[2016-12-08 00:23:58] EDIT recipepdf/controllers/default.py: 0
[2016-12-08 00:24:27] EDIT recipepdf/controllers/default.py: 0
[2016-12-08 00:25:10] EDIT recipepdf/controllers/default.py: 0
[2016-12-08 00:28:12] EDIT recipepdf/controllers/default.py: 0
[2016-12-08 00:29:18] EDIT recipepdf/controllers/default.py: 0
[2016-12-08 00:29:56] EDIT recipepdf/controllers/default.py: 0
[2016-12-08 00:33:27] EDIT recipepdf/controllers/default.py: -7
[2016-12-08 00:33:35] EDIT recipepdf/controllers/default.py: 0
[2016-12-08 00:34:19] EDIT recipepdf/controllers/default.py: 0
[2016-12-08 00:34:41] EDIT recipepdf/controllers/default.py: 0
[2016-12-08 00:35:36] EDIT recipepdf/controllers/default.py: 0
[2016-12-08 00:35:59] EDIT recipepdf/controllers/default.py: 0
[2016-12-08 00:37:14] EDIT recipepdf/controllers/default.py: 2
[2016-12-08 00:38:12] EDIT recipepdf/controllers/default.py: 0
[2016-12-08 00:40:37] EDIT recipepdf/controllers/default.py: 4
[2016-12-08 00:41:54] EDIT recipepdf/controllers/default.py: 1
[2016-12-08 00:47:10] EDIT recipepdf/controllers/default.py: 3
[2016-12-08 00:49:06] EDIT recipepdf/controllers/default.py: 0
[2016-12-08 00:50:13] EDIT recipepdf/controllers/default.py: 1
[2016-12-08 00:53:28] EDIT recipepdf/controllers/default.py: 0
[2016-12-08 00:57:17] EDIT recipepdf/controllers/default.py: 0
[2016-12-08 00:59:01] EDIT recipepdf/controllers/default.py: 0
[2016-12-08 00:59:29] EDIT recipepdf/controllers/default.py: 0
[2016-12-08 01:00:00] EDIT recipepdf/controllers/default.py: 0
[2016-12-08 01:04:55] EDIT recipepdf/controllers/default.py: 0
[2016-12-08 01:06:49] EDIT recipepdf/controllers/default.py: -1
[2016-12-08 01:07:22] EDIT recipepdf/controllers/default.py: 0
[2016-12-08 01:07:36] EDIT recipepdf/controllers/default.py: 0
[2016-12-08 01:09:29] EDIT recipepdf/controllers/default.py: 0
[2016-12-08 01:10:30] EDIT recipepdf/controllers/default.py: 0
[2016-12-08 01:10:43] EDIT recipepdf/controllers/default.py: 0
[2016-12-08 01:11:24] EDIT recipepdf/controllers/default.py: 0
[2016-12-08 01:13:31] EDIT recipepdf/controllers/default.py: 0
[2016-12-08 01:13:59] EDIT recipepdf/controllers/default.py: 0
[2016-12-08 01:14:41] EDIT recipepdf/controllers/default.py: 0
[2016-12-08 01:17:45] EDIT recipepdf/controllers/default.py: 0
[2016-12-08 01:18:22] EDIT recipepdf/controllers/default.py: 0
[2016-12-08 01:18:53] EDIT recipepdf/controllers/default.py: 0
[2016-12-08 01:20:19] EDIT recipepdf/controllers/default.py: 1
[2016-12-08 01:21:14] EDIT recipepdf/controllers/default.py: 0
[2016-12-08 01:25:36] EDIT recipepdf/controllers/default.py: 11
[2016-12-08 01:26:18] EDIT recipepdf/controllers/default.py: 0
[2016-12-08 09:14:03] EDIT recipepdf/controllers/default.py: 0
[2016-12-08 09:14:45] EDIT recipepdf/controllers/default.py: 0
[2016-12-08 09:22:03] EDIT recipepdf/controllers/default.py: 0
[2016-12-08 09:22:23] EDIT recipepdf/controllers/default.py: 0
[2016-12-08 09:27:39] EDIT recipepdf/controllers/default.py: 3
[2016-12-08 09:28:33] EDIT recipepdf/controllers/default.py: 0
[2016-12-08 09:29:43] EDIT recipepdf/controllers/default.py: 0
[2016-12-08 09:30:11] EDIT recipepdf/controllers/default.py: 0
[2016-12-08 09:30:37] EDIT recipepdf/controllers/default.py: 0
[2016-12-08 09:34:30] EDIT recipepdf/controllers/default.py: 0
[2016-12-08 09:34:46] EDIT recipepdf/controllers/default.py: 0
[2016-12-08 09:35:04] EDIT recipepdf/controllers/default.py: 0
[2016-12-08 16:52:07] EDIT recipepdf/controllers/default.py: 0
[2016-12-09 08:58:30] EDIT recipepdf/controllers/default.py: 1
[2016-12-09 09:25:30] EDIT recipepdf/controllers/default.py: 20
[2016-12-12 00:30:05] EDIT recipepdf/controllers/default.py: 0
[2016-12-12 00:30:24] EDIT recipepdf/controllers/default.py: 0
[2016-12-12 00:31:10] EDIT recipepdf/controllers/default.py: 0
[2016-12-12 00:35:05] EDIT recipepdf/controllers/default.py: 0
[2016-12-12 00:37:48] EDIT recipepdf/controllers/default.py: 0
[2016-12-12 00:40:38] EDIT recipepdf/controllers/default.py: 0
[2016-12-12 00:45:42] EDIT recipepdf/controllers/default.py: 10
[2016-12-12 00:48:11] EDIT recipepdf/controllers/default.py: 0
[2016-12-12 00:48:29] EDIT recipepdf/controllers/default.py: 0
[2016-12-12 00:50:31] EDIT recipepdf/controllers/default.py: 3
[2016-12-12 00:56:53] EDIT recipepdf/controllers/default.py: 7
[2016-12-12 00:57:17] EDIT recipepdf/controllers/default.py: -3
[2016-12-12 00:57:35] EDIT recipepdf/controllers/default.py: 0
[2016-12-12 00:58:57] EDIT recipepdf/controllers/default.py: 0
[2016-12-12 00:59:38] EDIT recipepdf/controllers/default.py: 0
[2016-12-12 00:59:59] EDIT recipepdf/controllers/default.py: 0
[2016-12-12 01:00:41] EDIT recipepdf/controllers/default.py: 0
[2016-12-12 01:00:55] EDIT recipepdf/controllers/default.py: 0
[2016-12-12 01:03:05] EDIT recipepdf/controllers/default.py: 4
[2016-12-12 01:06:51] EDIT recipepdf/controllers/default.py: 9
[2016-12-12 01:12:19] EDIT recipepdf/controllers/default.py: 2
[2016-12-12 01:13:17] EDIT recipepdf/controllers/default.py: 0
[2016-12-12 01:16:21] EDIT recipepdf/controllers/default.py: 2
[2016-12-12 01:16:43] EDIT recipepdf/controllers/default.py: 0
[2016-12-12 01:17:09] EDIT recipepdf/controllers/default.py: 0
[2016-12-12 01:18:06] EDIT recipepdf/controllers/default.py: 0
[2016-12-27 18:36:10] EDIT recipepdf/controllers/default.py: 7
[2016-12-27 18:42:45] EDIT recipepdf/controllers/default.py: 0
[2016-12-27 18:43:33] EDIT recipepdf/controllers/default.py: 0
[2016-12-27 18:45:07] EDIT recipepdf/controllers/default.py: 0
[2016-12-27 18:49:22] EDIT recipepdf/controllers/default.py: 0
[2016-12-27 18:50:50] EDIT recipepdf/controllers/default.py: 0
[2016-12-27 19:35:05] EDIT recipepdf/controllers/default.py: 1
[2016-12-27 19:39:00] EDIT recipepdf/controllers/default.py: 0
[2016-12-27 19:39:07] EDIT recipepdf/controllers/default.py: 0
[2016-12-27 19:40:43] EDIT recipepdf/controllers/default.py: 1
[2016-12-27 19:41:10] EDIT recipepdf/controllers/default.py: 0
[2016-12-27 19:42:19] EDIT recipepdf/controllers/default.py: 0
[2016-12-27 19:44:11] EDIT recipepdf/controllers/default.py: 0
[2016-12-27 19:45:19] EDIT recipepdf/controllers/default.py: 0
[2016-12-27 19:46:13] EDIT recipepdf/controllers/default.py: 1
[2016-12-27 20:48:49] EDIT recipepdf/controllers/default.py: 2
[2016-12-27 20:49:46] EDIT recipepdf/controllers/default.py: 0
[2016-12-27 20:56:07] EDIT recipepdf/controllers/default.py: 0
[2016-12-27 21:01:17] EDIT recipepdf/controllers/default.py: 0
[2016-12-27 21:02:06] EDIT recipepdf/controllers/default.py: 0
[2016-12-27 21:06:02] EDIT recipepdf/controllers/default.py: 0
[2016-12-27 21:07:50] EDIT recipepdf/controllers/default.py: 0
[2016-12-27 21:12:07] EDIT recipepdf/controllers/default.py: 0
[2016-12-27 21:12:35] EDIT recipepdf/controllers/default.py: 0
[2016-12-27 21:12:53] EDIT recipepdf/controllers/default.py: 0
[2016-12-27 21:13:24] EDIT recipepdf/controllers/default.py: 0
[2016-12-27 21:14:04] EDIT recipepdf/controllers/default.py: 0
[2016-12-27 21:16:33] EDIT recipepdf/controllers/default.py: 0
[2016-12-27 21:26:23] EDIT recipepdf/controllers/default.py: 0
[2016-12-27 21:32:09] EDIT recipepdf/controllers/default.py: 0
[2016-12-27 21:32:49] EDIT recipepdf/controllers/default.py: 0
[2016-12-27 21:33:54] EDIT recipepdf/controllers/default.py: 0
[2016-12-27 21:34:22] EDIT recipepdf/controllers/default.py: 0
[2016-12-27 21:37:54] EDIT recipepdf/controllers/default.py: 0
[2016-12-27 21:38:53] EDIT recipepdf/controllers/default.py: 0
[2016-12-27 21:40:05] EDIT recipepdf/controllers/default.py: 0
[2016-12-27 21:41:27] EDIT recipepdf/controllers/default.py: 0
[2016-12-27 21:42:41] EDIT recipepdf/controllers/default.py: 0
[2016-12-27 21:47:17] EDIT recipepdf/controllers/default.py: 0
[2016-12-27 21:47:38] EDIT recipepdf/controllers/default.py: 0
[2016-12-27 21:57:11] EDIT recipepdf/controllers/default.py: 0
[2016-12-29 16:03:28] EDIT recipepdf/controllers/default.py: 7
[2016-12-29 16:04:09] EDIT recipepdf/controllers/default.py: 1
[2016-12-29 16:05:07] EDIT recipepdf/controllers/default.py: 1
[2016-12-29 16:07:28] EDIT recipepdf/controllers/default.py: 2
[2016-12-29 16:08:34] EDIT recipepdf/controllers/default.py: 0
[2016-12-29 16:10:21] EDIT recipepdf/controllers/default.py: 2
[2016-12-29 16:10:37] EDIT recipepdf/controllers/default.py: 0
[2016-12-29 16:11:59] EDIT recipepdf/controllers/default.py: 0
[2016-12-29 16:12:32] EDIT recipepdf/controllers/default.py: 0
[2016-12-29 16:15:20] EDIT recipepdf/controllers/default.py: 0
[2016-12-29 16:16:39] EDIT recipepdf/controllers/default.py: 0
[2016-12-29 16:21:19] EDIT recipepdf/controllers/default.py: 0
[2016-12-29 16:22:19] EDIT recipepdf/controllers/default.py: 0
[2016-12-29 16:23:11] EDIT recipepdf/controllers/default.py: 0
[2016-12-29 16:23:59] EDIT recipepdf/controllers/default.py: 0
[2016-12-29 16:24:12] EDIT recipepdf/controllers/default.py: 0
[2016-12-29 16:25:46] EDIT recipepdf/controllers/default.py: 0
[2016-12-29 16:26:44] EDIT recipepdf/controllers/default.py: 0
[2016-12-29 16:28:00] EDIT recipepdf/controllers/default.py: 0
[2016-12-29 16:29:00] EDIT recipepdf/controllers/default.py: 0
[2016-12-29 16:30:42] EDIT recipepdf/controllers/default.py: 0
[2016-12-29 16:33:06] EDIT recipepdf/controllers/default.py: 0
[2016-12-29 16:36:57] EDIT recipepdf/controllers/default.py: 0
[2016-12-29 16:38:24] EDIT recipepdf/controllers/default.py: 0
[2016-12-29 16:46:27] EDIT recipepdf/controllers/default.py: 0
[2016-12-29 16:47:12] EDIT recipepdf/controllers/default.py: 0
[2016-12-29 16:47:56] EDIT recipepdf/controllers/default.py: 0
[2016-12-29 16:49:35] EDIT recipepdf/controllers/default.py: 1
[2016-12-29 16:51:10] EDIT recipepdf/controllers/default.py: 0
[2016-12-29 16:53:20] EDIT recipepdf/controllers/default.py: 1
[2016-12-29 16:53:33] EDIT recipepdf/controllers/default.py: 0
[2016-12-29 16:54:18] EDIT recipepdf/controllers/default.py: 0
[2016-12-29 17:21:10] CREATE ophtalmo.py: 0
[2016-12-29 17:25:37] EDIT recipepdf/controllers/ophtalmo.py: 144
[2016-12-29 17:27:06] EDIT recipepdf/controllers/ophtalmo.py: 0
[2016-12-29 17:27:45] EDIT recipepdf/controllers/ophtalmo.py: 1
[2016-12-29 17:29:01] EDIT recipepdf/controllers/ophtalmo.py: 0
[2016-12-29 17:29:05] EDIT recipepdf/controllers/ophtalmo.py: 0
[2016-12-29 17:30:33] EDIT recipepdf/controllers/ophtalmo.py: 0
[2016-12-29 17:35:44] EDIT recipepdf/controllers/ophtalmo.py: 2
[2016-12-29 20:06:22] EDIT recipepdf/controllers/ophtalmo.py: -12
[2016-12-29 20:07:02] EDIT recipepdf/controllers/ophtalmo.py: 0
[2016-12-29 20:32:12] EDIT recipepdf/controllers/ophtalmo.py: 1
[2016-12-29 20:33:26] EDIT recipepdf/controllers/ophtalmo.py: 1
[2016-12-29 20:34:13] EDIT recipepdf/controllers/ophtalmo.py: -1
[2016-12-29 20:34:36] EDIT recipepdf/controllers/ophtalmo.py: 0
[2016-12-29 20:52:22] EDIT recipepdf/controllers/ophtalmo.py: 4
[2016-12-30 01:10:21] EDIT recipepdf/controllers/ophtalmo.py: 41
[2016-12-30 01:12:15] EDIT recipepdf/controllers/ophtalmo.py: 0
[2016-12-30 01:14:41] EDIT recipepdf/controllers/ophtalmo.py: 0
[2016-12-30 01:15:51] EDIT recipepdf/controllers/ophtalmo.py: 0
[2016-12-30 01:16:08] EDIT recipepdf/controllers/ophtalmo.py: 0
[2016-12-30 01:16:22] EDIT recipepdf/controllers/ophtalmo.py: 0
[2016-12-30 01:17:37] EDIT recipepdf/controllers/ophtalmo.py: 0
[2016-12-30 01:18:02] EDIT recipepdf/controllers/ophtalmo.py: 0
[2016-12-30 01:20:32] EDIT recipepdf/controllers/ophtalmo.py: 0
[2016-12-30 01:21:13] EDIT recipepdf/controllers/ophtalmo.py: 0
[2016-12-30 01:23:32] EDIT recipepdf/controllers/ophtalmo.py: 1
[2016-12-30 01:23:38] EDIT recipepdf/controllers/ophtalmo.py: 0
[2016-12-30 01:27:17] EDIT recipepdf/controllers/ophtalmo.py: 0
[2016-12-30 01:27:57] EDIT recipepdf/controllers/ophtalmo.py: 0
[2016-12-30 01:29:33] EDIT recipepdf/controllers/ophtalmo.py: 0
[2016-12-30 01:31:14] EDIT recipepdf/controllers/ophtalmo.py: 0
[2016-12-30 01:31:35] EDIT recipepdf/controllers/ophtalmo.py: 0
[2016-12-30 01:34:54] EDIT recipepdf/controllers/ophtalmo.py: 1
[2016-12-30 01:35:01] EDIT recipepdf/controllers/ophtalmo.py: 0
[2016-12-30 01:35:24] EDIT recipepdf/controllers/ophtalmo.py: 0
[2016-12-30 01:37:15] EDIT recipepdf/controllers/ophtalmo.py: 0
[2016-12-30 01:37:57] EDIT recipepdf/controllers/ophtalmo.py: 0
[2016-12-30 01:38:20] EDIT recipepdf/controllers/ophtalmo.py: 0
[2016-12-30 01:39:05] EDIT recipepdf/controllers/ophtalmo.py: 0
[2016-12-30 01:40:04] EDIT recipepdf/controllers/ophtalmo.py: 0
[2016-12-30 01:40:26] EDIT recipepdf/controllers/ophtalmo.py: 0
[2016-12-30 01:41:48] EDIT recipepdf/controllers/ophtalmo.py: 0
[2016-12-30 01:45:10] EDIT recipepdf/controllers/ophtalmo.py: 0
[2016-12-30 01:48:36] EDIT recipepdf/controllers/ophtalmo.py: 0
[2016-12-30 01:49:20] EDIT recipepdf/controllers/ophtalmo.py: 0
[2016-12-30 01:49:40] EDIT recipepdf/controllers/ophtalmo.py: 0
[2016-12-30 01:50:01] EDIT recipepdf/controllers/ophtalmo.py: 0
[2016-12-30 01:50:36] EDIT recipepdf/controllers/ophtalmo.py: 0
[2016-12-30 02:00:02] EDIT recipepdf/controllers/ophtalmo.py: 0
[2016-12-30 02:18:59] EDIT recipepdf/controllers/ophtalmo.py: 0
[2016-12-30 13:16:26] EDIT recipepdf/controllers/ophtalmo.py: 7
[2016-12-30 13:17:10] CREATE ophtalmo/pdf_lun.html: 0
[2016-12-30 13:18:08] EDIT recipepdf/controllers/ophtalmo.py: 0
[2016-12-30 13:18:32] EDIT recipepdf/controllers/ophtalmo.py: 0
[2016-12-30 13:20:21] EDIT recipepdf/views/ophtalmo/pdf_lun.html: 1
[2016-12-30 13:25:58] EDIT recipepdf/views/ophtalmo/pdf_lun.html: 10
[2016-12-30 13:28:35] EDIT recipepdf/views/ophtalmo/pdf_lun.html: 1
[2016-12-30 13:30:09] EDIT recipepdf/views/ophtalmo/pdf_lun.html: 0
[2016-12-30 13:33:35] EDIT recipepdf/views/ophtalmo/pdf_lun.html: 11
[2016-12-30 13:34:05] EDIT recipepdf/views/ophtalmo/pdf_lun.html: 0
[2016-12-30 13:35:00] EDIT recipepdf/views/ophtalmo/pdf_lun.html: 0
[2016-12-30 13:36:07] EDIT recipepdf/views/ophtalmo/pdf_lun.html: 0
[2016-12-30 13:37:00] EDIT recipepdf/views/ophtalmo/pdf_lun.html: 0
[2016-12-30 13:40:35] EDIT recipepdf/views/ophtalmo/pdf_lun.html: 0
[2016-12-30 13:41:43] EDIT recipepdf/views/ophtalmo/pdf_lun.html: 0
[2016-12-30 13:47:10] EDIT recipepdf/views/ophtalmo/pdf_lun.html: 0
[2016-12-30 13:49:08] EDIT recipepdf/views/ophtalmo/pdf_lun.html: 8
[2016-12-30 13:52:26] EDIT recipepdf/views/ophtalmo/pdf_lun.html: 5
[2016-12-30 13:52:56] EDIT recipepdf/views/ophtalmo/pdf_lun.html: 0
[2016-12-30 13:53:22] EDIT recipepdf/views/ophtalmo/pdf_lun.html: 0
[2016-12-30 13:54:36] EDIT recipepdf/views/ophtalmo/pdf_lun.html: 0
[2016-12-30 13:55:17] EDIT recipepdf/views/ophtalmo/pdf_lun.html: 0
[2016-12-30 13:56:03] EDIT recipepdf/views/ophtalmo/pdf_lun.html: 0
[2016-12-30 13:58:01] EDIT recipepdf/views/ophtalmo/pdf_lun.html: 0
[2016-12-30 13:58:40] EDIT recipepdf/views/ophtalmo/pdf_lun.html: 0
[2016-12-30 13:59:48] EDIT recipepdf/views/ophtalmo/pdf_lun.html: 0
[2016-12-30 20:41:45] EDIT recipepdf/views/ophtalmo/pdf_lun.html: 1
[2016-12-30 20:57:39] EDIT recipepdf/controllers/ophtalmo.py: 0
[2016-12-30 20:59:03] EDIT recipepdf/controllers/ophtalmo.py: 3
[2016-12-30 21:00:15] EDIT recipepdf/views/ophtalmo/pdf_lun.html: 0
[2016-12-30 21:03:59] EDIT recipepdf/controllers/ophtalmo.py: 0
[2016-12-30 21:05:21] EDIT recipepdf/controllers/ophtalmo.py: 0
[2016-12-30 21:05:50] EDIT recipepdf/controllers/ophtalmo.py: 0
[2016-12-30 21:08:40] EDIT recipepdf/controllers/ophtalmo.py: 1
[2016-12-30 21:08:46] EDIT recipepdf/controllers/ophtalmo.py: 0
[2016-12-30 21:09:59] EDIT recipepdf/controllers/ophtalmo.py: 1
[2016-12-30 21:11:11] EDIT recipepdf/controllers/ophtalmo.py: 0
[2016-12-30 21:11:52] EDIT recipepdf/controllers/ophtalmo.py: 0
[2016-12-30 21:13:12] EDIT recipepdf/controllers/ophtalmo.py: 0
[2016-12-30 21:13:39] EDIT recipepdf/controllers/ophtalmo.py: 0
[2016-12-30 21:14:20] EDIT recipepdf/controllers/ophtalmo.py: 0
[2016-12-30 21:15:27] EDIT recipepdf/views/ophtalmo/pdf_lun.html: 0
[2016-12-31 01:23:05] EDIT recipepdf/views/ophtalmo/pdf_lun.html: 0
[2016-12-31 01:24:54] EDIT recipepdf/views/ophtalmo/pdf_lun.html: 1
[2016-12-31 01:25:36] EDIT recipepdf/views/ophtalmo/pdf_lun.html: 0
[2016-12-31 01:31:29] EDIT recipepdf/views/ophtalmo/pdf_lun.html: 62
[2016-12-31 01:31:47] EDIT recipepdf/views/ophtalmo/pdf_lun.html: -14
[2016-12-31 01:33:26] EDIT recipepdf/views/ophtalmo/pdf_lun.html: 14
[2016-12-31 01:35:25] EDIT recipepdf/views/ophtalmo/pdf_lun.html: -1
[2016-12-31 01:37:04] EDIT recipepdf/views/ophtalmo/pdf_lun.html: 1
[2016-12-31 01:38:13] EDIT recipepdf/views/ophtalmo/pdf_lun.html: 2
[2016-12-31 01:38:58] EDIT recipepdf/views/ophtalmo/pdf_lun.html: -14
[2016-12-31 01:43:39] EDIT recipepdf/views/ophtalmo/pdf_lun.html: -1
[2016-12-31 01:47:01] EDIT recipepdf/views/ophtalmo/pdf_lun.html: 14
[2016-12-31 01:48:35] EDIT recipepdf/views/ophtalmo/pdf_lun.html: 0
[2016-12-31 01:57:45] EDIT recipepdf/views/ophtalmo/pdf_lun.html: 5
[2016-12-31 02:05:14] EDIT recipepdf/views/ophtalmo/pdf_lun.html: 23
[2016-12-31 02:05:53] EDIT recipepdf/views/ophtalmo/pdf_lun.html: 0
[2016-12-31 02:06:54] EDIT recipepdf/views/ophtalmo/pdf_lun.html: -1
[2016-12-31 02:08:34] EDIT recipepdf/views/ophtalmo/pdf_lun.html: 0
[2016-12-31 02:08:37] EDIT recipepdf/views/ophtalmo/pdf_lun.html: 0
[2016-12-31 02:08:49] EDIT recipepdf/views/ophtalmo/pdf_lun.html: 0
[2016-12-31 02:09:20] EDIT recipepdf/views/ophtalmo/pdf_lun.html: 1
[2016-12-31 02:10:13] EDIT recipepdf/views/ophtalmo/pdf_lun.html: 0
[2016-12-31 02:11:22] EDIT recipepdf/views/ophtalmo/pdf_lun.html: 0
[2016-12-31 02:12:02] EDIT recipepdf/views/ophtalmo/pdf_lun.html: 0
[2016-12-31 02:18:45] EDIT recipepdf/views/ophtalmo/pdf_lun.html: 20
[2016-12-31 02:19:51] EDIT recipepdf/views/ophtalmo/pdf_lun.html: 0
[2016-12-31 02:20:47] EDIT recipepdf/views/ophtalmo/pdf_lun.html: 3
[2016-12-31 02:21:50] EDIT recipepdf/views/ophtalmo/pdf_lun.html: 0
[2016-12-31 02:26:38] EDIT recipepdf/views/ophtalmo/pdf_lun.html: 1
[2016-12-31 02:27:21] EDIT recipepdf/views/ophtalmo/pdf_lun.html: 0
[2016-12-31 02:27:44] EDIT recipepdf/views/ophtalmo/pdf_lun.html: 0
[2016-12-31 02:31:13] EDIT recipepdf/views/ophtalmo/pdf_lun.html: 7
[2016-12-31 02:32:32] EDIT recipepdf/views/ophtalmo/pdf_lun.html: 2
[2016-12-31 02:33:14] EDIT recipepdf/views/ophtalmo/pdf_lun.html: 0
[2016-12-31 02:35:17] EDIT recipepdf/views/ophtalmo/pdf_lun.html: 8
[2016-12-31 02:35:49] EDIT recipepdf/views/ophtalmo/pdf_lun.html: 0
[2016-12-31 02:36:33] EDIT recipepdf/views/ophtalmo/pdf_lun.html: 0
[2016-12-31 02:39:09] EDIT recipepdf/views/ophtalmo/pdf_lun.html: 8
[2016-12-31 02:39:30] EDIT recipepdf/views/ophtalmo/pdf_lun.html: 0
[2016-12-31 02:40:02] EDIT recipepdf/views/ophtalmo/pdf_lun.html: 0
[2016-12-31 02:41:14] EDIT recipepdf/views/ophtalmo/pdf_lun.html: 0
[2016-12-31 02:41:40] EDIT recipepdf/views/ophtalmo/pdf_lun.html: 0
[2016-12-31 02:42:05] EDIT recipepdf/views/ophtalmo/pdf_lun.html: 0
[2016-12-31 02:42:48] EDIT recipepdf/views/ophtalmo/pdf_lun.html: 0
[2016-12-31 02:43:10] EDIT recipepdf/views/ophtalmo/pdf_lun.html: 0
[2016-12-31 02:44:00] EDIT recipepdf/views/ophtalmo/pdf_lun.html: 0
[2016-12-31 02:44:20] EDIT recipepdf/views/ophtalmo/pdf_lun.html: 0
[2016-12-31 02:45:12] EDIT recipepdf/views/ophtalmo/pdf_lun.html: 0
[2016-12-31 02:45:32] EDIT recipepdf/views/ophtalmo/pdf_lun.html: 0
[2016-12-31 02:45:52] EDIT recipepdf/views/ophtalmo/pdf_lun.html: 0
[2016-12-31 02:46:09] EDIT recipepdf/views/ophtalmo/pdf_lun.html: 0
[2016-12-31 02:48:08] EDIT recipepdf/views/ophtalmo/pdf_lun.html: 24
[2016-12-31 02:49:06] EDIT recipepdf/views/ophtalmo/pdf_lun.html: 0
[2016-12-31 02:49:56] EDIT recipepdf/views/ophtalmo/pdf_lun.html: 0
[2016-12-31 02:50:27] EDIT recipepdf/views/ophtalmo/pdf_lun.html: 0
[2016-12-31 02:51:11] EDIT recipepdf/views/ophtalmo/pdf_lun.html: 0
[2016-12-31 02:51:16] EDIT recipepdf/views/ophtalmo/pdf_lun.html: 0
[2016-12-31 02:51:43] EDIT recipepdf/views/ophtalmo/pdf_lun.html: 0
[2016-12-31 02:52:12] EDIT recipepdf/views/ophtalmo/pdf_lun.html: 0
[2016-12-31 02:52:37] EDIT recipepdf/views/ophtalmo/pdf_lun.html: 0
[2016-12-31 02:53:06] EDIT recipepdf/views/ophtalmo/pdf_lun.html: 0
[2016-12-31 02:53:40] EDIT recipepdf/views/ophtalmo/pdf_lun.html: 0
[2016-12-31 02:54:06] EDIT recipepdf/views/ophtalmo/pdf_lun.html: 0
[2016-12-31 02:55:06] EDIT recipepdf/views/ophtalmo/pdf_lun.html: 0
[2016-12-31 02:55:22] EDIT recipepdf/views/ophtalmo/pdf_lun.html: 0
[2016-12-31 02:58:19] EDIT recipepdf/views/ophtalmo/pdf_lun.html: 0
[2016-12-31 02:58:26] EDIT recipepdf/views/ophtalmo/pdf_lun.html: 0
[2016-12-31 02:59:33] EDIT recipepdf/views/ophtalmo/pdf_lun.html: 2
[2016-12-31 02:59:54] EDIT recipepdf/views/ophtalmo/pdf_lun.html: -1
[2016-12-31 03:00:27] EDIT recipepdf/views/ophtalmo/pdf_lun.html: 1
[2016-12-31 03:10:10] EDIT recipepdf/views/ophtalmo/pdf_lun.html: 0
[2016-12-31 03:10:51] EDIT recipepdf/views/ophtalmo/pdf_lun.html: 0
[2016-12-31 03:11:52] EDIT recipepdf/views/ophtalmo/pdf_lun.html: 0
[2016-12-31 03:12:03] EDIT recipepdf/views/ophtalmo/pdf_lun.html: 0
[2016-12-31 03:12:36] EDIT recipepdf/views/ophtalmo/pdf_lun.html: 0
[2016-12-31 12:37:57] EDIT recipepdf/views/ophtalmo/pdf_lun.html: 0
[2016-12-31 12:38:37] EDIT recipepdf/views/ophtalmo/pdf_lun.html: 0
[2016-12-31 12:39:19] EDIT recipepdf/views/ophtalmo/pdf_lun.html: 0
[2016-12-31 12:39:49] EDIT recipepdf/views/ophtalmo/pdf_lun.html: 0
[2016-12-31 12:40:09] EDIT recipepdf/views/ophtalmo/pdf_lun.html: 0
[2016-12-31 12:41:31] EDIT recipepdf/views/ophtalmo/pdf_lun.html: 0
[2016-12-31 12:42:55] EDIT recipepdf/views/ophtalmo/pdf_lun.html: 0
[2016-12-31 12:48:23] EDIT recipepdf/views/ophtalmo/pdf_lun.html: 0
[2016-12-31 12:50:14] EDIT recipepdf/views/ophtalmo/pdf_lun.html: 0
[2016-12-31 12:50:44] EDIT recipepdf/views/ophtalmo/pdf_lun.html: 0
[2016-12-31 12:50:56] EDIT recipepdf/views/ophtalmo/pdf_lun.html: 0
[2016-12-31 12:51:30] EDIT recipepdf/views/ophtalmo/pdf_lun.html: 0
[2016-12-31 12:51:58] EDIT recipepdf/views/ophtalmo/pdf_lun.html: 0
[2016-12-31 12:52:23] EDIT recipepdf/views/ophtalmo/pdf_lun.html: 0
[2016-12-31 12:52:50] EDIT recipepdf/views/ophtalmo/pdf_lun.html: 0
[2016-12-31 12:53:12] EDIT recipepdf/views/ophtalmo/pdf_lun.html: 0
[2016-12-31 12:53:47] EDIT recipepdf/views/ophtalmo/pdf_lun.html: 0
[2016-12-31 12:54:11] EDIT recipepdf/views/ophtalmo/pdf_lun.html: 0
[2016-12-31 12:54:33] EDIT recipepdf/views/ophtalmo/pdf_lun.html: 0
[2016-12-31 12:56:00] EDIT recipepdf/views/ophtalmo/pdf_lun.html: 8
[2016-12-31 12:56:20] EDIT recipepdf/views/ophtalmo/pdf_lun.html: 0
[2016-12-31 12:56:41] EDIT recipepdf/views/ophtalmo/pdf_lun.html: 0
[2016-12-31 12:57:05] EDIT recipepdf/views/ophtalmo/pdf_lun.html: 0
[2016-12-31 12:57:50] EDIT recipepdf/views/ophtalmo/pdf_lun.html: 0
[2016-12-31 16:11:59] EDIT recipepdf/views/ophtalmo/pdf_lun.html: 1
[2016-12-31 16:12:33] EDIT recipepdf/views/ophtalmo/pdf_lun.html: 0
[2016-12-31 16:15:27] EDIT recipepdf/views/ophtalmo/pdf_lun.html: 0
[2016-12-31 16:15:40] EDIT recipepdf/views/ophtalmo/pdf_lun.html: -8
[2016-12-31 16:16:33] EDIT recipepdf/views/ophtalmo/pdf_lun.html: 0
[2016-12-31 16:17:10] EDIT recipepdf/views/ophtalmo/pdf_lun.html: 0
[2016-12-31 16:18:16] EDIT recipepdf/views/ophtalmo/pdf_lun.html: -25
[2016-12-31 16:19:04] EDIT recipepdf/views/ophtalmo/pdf_lun.html: 25
[2016-12-31 16:19:47] EDIT recipepdf/views/ophtalmo/pdf_lun.html: -25
[2016-12-31 16:22:03] EDIT recipepdf/views/ophtalmo/pdf_lun.html: 2
[2016-12-31 16:22:41] EDIT recipepdf/views/ophtalmo/pdf_lun.html: 0
[2016-12-31 16:23:21] EDIT recipepdf/views/ophtalmo/pdf_lun.html: 0
[2016-12-31 16:23:32] EDIT recipepdf/views/ophtalmo/pdf_lun.html: 0
[2016-12-31 16:23:59] EDIT recipepdf/views/ophtalmo/pdf_lun.html: 0
[2016-12-31 16:24:33] EDIT recipepdf/views/ophtalmo/pdf_lun.html: 0
[2016-12-31 16:32:42] EDIT recipepdf/views/ophtalmo/pdf_lun.html: 0
[2016-12-31 16:33:54] EDIT recipepdf/views/ophtalmo/pdf_lun.html: 0
[2016-12-31 16:34:42] EDIT recipepdf/views/ophtalmo/pdf_lun.html: 0
[2016-12-31 16:35:08] EDIT recipepdf/views/ophtalmo/pdf_lun.html: 0
[2016-12-31 16:36:19] EDIT recipepdf/views/ophtalmo/pdf_lun.html: 0
[2016-12-31 16:37:06] EDIT recipepdf/views/ophtalmo/pdf_lun.html: 0
[2016-12-31 16:37:38] EDIT recipepdf/views/ophtalmo/pdf_lun.html: 0
[2016-12-31 16:39:55] EDIT recipepdf/views/ophtalmo/pdf_lun.html: 0
[2016-12-31 16:41:16] EDIT recipepdf/controllers/ophtalmo.py: 0
[2016-12-31 16:41:26] EDIT recipepdf/controllers/ophtalmo.py: 0
[2016-12-31 16:42:04] EDIT recipepdf/controllers/ophtalmo.py: 0
[2016-12-31 16:46:24] EDIT recipepdf/controllers/ophtalmo.py: 0
[2016-12-31 16:50:06] EDIT recipepdf/controllers/ophtalmo.py: 0
[2016-12-31 16:50:51] EDIT recipepdf/controllers/ophtalmo.py: 0
[2016-12-31 16:53:57] EDIT recipepdf/controllers/ophtalmo.py: 0
[2016-12-31 16:54:55] EDIT recipepdf/views/ophtalmo/pdf_lun.html: 0
[2016-12-31 18:33:52] EDIT recipepdf/views/ophtalmo/pdf_lun.html: 1
[2016-12-31 18:37:36] EDIT recipepdf/views/ophtalmo/pdf_lun.html: 5
[2016-12-31 18:39:21] EDIT recipepdf/views/ophtalmo/pdf_lun.html: 7
[2016-12-31 18:41:18] EDIT recipepdf/controllers/ophtalmo.py: 2
[2016-12-31 18:43:08] EDIT recipepdf/views/ophtalmo/pdf_lun.html: 3
[2016-12-31 18:56:50] EDIT recipepdf/views/ophtalmo/pdf_lun.html: -5
[2016-12-31 18:57:45] EDIT recipepdf/views/ophtalmo/pdf_lun.html: 1
[2016-12-31 18:58:18] EDIT recipepdf/views/ophtalmo/pdf_lun.html: 1
[2016-12-31 18:59:38] EDIT recipepdf/views/ophtalmo/pdf_lun.html: 0
[2016-12-31 19:00:25] EDIT recipepdf/views/ophtalmo/pdf_lun.html: -1
[2016-12-31 19:00:40] EDIT recipepdf/views/ophtalmo/pdf_lun.html: 0
[2016-12-31 19:02:17] EDIT recipepdf/views/ophtalmo/pdf_lun.html: -2
[2016-12-31 19:04:12] EDIT recipepdf/views/ophtalmo/pdf_lun.html: 1
[2016-12-31 19:05:25] EDIT recipepdf/views/ophtalmo/pdf_lun.html: -1
[2016-12-31 19:06:22] EDIT recipepdf/views/ophtalmo/pdf_lun.html: 1
[2016-12-31 19:06:57] EDIT recipepdf/views/ophtalmo/pdf_lun.html: 0
[2016-12-31 19:07:16] EDIT recipepdf/views/ophtalmo/pdf_lun.html: 0
[2016-12-31 19:07:56] EDIT recipepdf/views/ophtalmo/pdf_lun.html: 0
[2016-12-31 19:09:16] EDIT recipepdf/views/ophtalmo/pdf_lun.html: 1
[2016-12-31 19:09:52] EDIT recipepdf/views/ophtalmo/pdf_lun.html: 0
[2016-12-31 19:11:41] EDIT recipepdf/views/ophtalmo/pdf_lun.html: 0
[2016-12-31 19:11:51] EDIT recipepdf/views/ophtalmo/pdf_lun.html: 0
[2016-12-31 19:12:56] EDIT recipepdf/views/ophtalmo/pdf_lun.html: 0
[2016-12-31 19:17:46] EDIT recipepdf/controllers/ophtalmo.py: 0
[2016-12-31 19:18:02] EDIT recipepdf/views/ophtalmo/pdf_lun.html: 0
[2016-12-31 19:18:58] EDIT recipepdf/views/ophtalmo/pdf_lun.html: 0
[2016-12-31 19:19:27] EDIT recipepdf/views/ophtalmo/pdf_lun.html: 0
[2016-12-31 19:20:39] EDIT recipepdf/views/ophtalmo/pdf_lun.html: 0
[2016-12-31 19:21:03] EDIT recipepdf/views/ophtalmo/pdf_lun.html: 0
[2016-12-31 19:23:37] EDIT recipepdf/views/ophtalmo/pdf_lun.html: -8
[2016-12-31 19:27:29] EDIT recipepdf/views/ophtalmo/pdf_lun.html: 0
[2016-12-31 19:30:10] EDIT recipepdf/views/ophtalmo/pdf_lun.html: 7
[2016-12-31 19:30:37] EDIT recipepdf/views/ophtalmo/pdf_lun.html: 0
[2016-12-31 19:30:43] EDIT recipepdf/views/ophtalmo/pdf_lun.html: 0
[2016-12-31 19:33:14] EDIT recipepdf/views/ophtalmo/pdf_lun.html: 5
[2016-12-31 19:48:27] EDIT recipepdf/views/ophtalmo/pdf_lun.html: -4
[2016-12-31 19:48:43] EDIT recipepdf/views/ophtalmo/pdf_lun.html: 0
[2016-12-31 19:49:04] EDIT recipepdf/views/ophtalmo/pdf_lun.html: 0
[2016-12-31 19:49:38] EDIT recipepdf/views/ophtalmo/pdf_lun.html: 0
[2016-12-31 19:49:59] EDIT recipepdf/views/ophtalmo/pdf_lun.html: 0
[2016-12-31 19:50:30] EDIT recipepdf/views/ophtalmo/pdf_lun.html: 0
[2016-12-31 19:51:46] EDIT recipepdf/views/ophtalmo/pdf_lun.html: 0
[2016-12-31 19:52:49] EDIT recipepdf/views/ophtalmo/pdf_lun.html: 1
[2016-12-31 19:54:30] EDIT recipepdf/views/ophtalmo/pdf_lun.html: -1
[2016-12-31 19:55:02] EDIT recipepdf/views/ophtalmo/pdf_lun.html: 0
[2016-12-31 19:57:27] EDIT recipepdf/views/ophtalmo/pdf_lun.html: 3
[2016-12-31 19:57:43] EDIT recipepdf/views/ophtalmo/pdf_lun.html: 0
[2016-12-31 19:58:01] EDIT recipepdf/views/ophtalmo/pdf_lun.html: 0
[2016-12-31 19:58:47] EDIT recipepdf/views/ophtalmo/pdf_lun.html: 1
[2016-12-31 19:59:48] EDIT recipepdf/views/ophtalmo/pdf_lun.html: -1
[2016-12-31 20:00:36] EDIT recipepdf/views/ophtalmo/pdf_lun.html: 1
[2016-12-31 20:04:07] EDIT recipepdf/views/ophtalmo/pdf_lun.html: -1
[2016-12-31 20:04:32] EDIT recipepdf/views/ophtalmo/pdf_lun.html: 0
[2016-12-31 20:05:17] EDIT recipepdf/views/ophtalmo/pdf_lun.html: 1
[2016-12-31 20:06:15] EDIT recipepdf/views/ophtalmo/pdf_lun.html: 1
[2016-12-31 20:06:47] EDIT recipepdf/views/ophtalmo/pdf_lun.html: 0
[2016-12-31 20:13:02] EDIT recipepdf/views/ophtalmo/pdf_lun.html: 1
[2016-12-31 20:13:34] EDIT recipepdf/views/ophtalmo/pdf_lun.html: 0
[2016-12-31 20:14:07] EDIT recipepdf/views/ophtalmo/pdf_lun.html: 0
[2016-12-31 20:14:38] EDIT recipepdf/views/ophtalmo/pdf_lun.html: 0
[2016-12-31 20:15:22] EDIT recipepdf/views/ophtalmo/pdf_lun.html: 0
[2016-12-31 20:15:37] EDIT recipepdf/views/ophtalmo/pdf_lun.html: 0
[2016-12-31 20:16:04] EDIT recipepdf/views/ophtalmo/pdf_lun.html: 0
[2016-12-31 20:16:25] EDIT recipepdf/views/ophtalmo/pdf_lun.html: 0
[2016-12-31 20:17:52] EDIT recipepdf/views/ophtalmo/pdf_lun.html: 1
[2016-12-31 20:18:38] EDIT recipepdf/views/ophtalmo/pdf_lun.html: 0
[2016-12-31 20:19:35] EDIT recipepdf/views/ophtalmo/pdf_lun.html: 0
[2016-12-31 20:20:54] EDIT recipepdf/views/ophtalmo/pdf_lun.html: 0
[2016-12-31 20:24:00] EDIT recipepdf/views/ophtalmo/pdf_lun.html: 1
[2016-12-31 20:24:03] EDIT recipepdf/views/ophtalmo/pdf_lun.html: 0
[2016-12-31 20:50:53] EDIT recipepdf/views/ophtalmo/pdf_lun.html: -1
[2016-12-31 20:53:02] EDIT recipepdf/views/ophtalmo/pdf_lun.html: 0
[2016-12-31 20:54:28] EDIT recipepdf/views/ophtalmo/pdf_lun.html: 0
[2016-12-31 20:57:36] EDIT recipepdf/views/ophtalmo/pdf_lun.html: 0
[2016-12-31 20:58:03] EDIT recipepdf/views/ophtalmo/pdf_lun.html: 0
[2016-12-31 20:58:30] EDIT recipepdf/views/ophtalmo/pdf_lun.html: 0
[2016-12-31 21:06:11] EDIT recipepdf/views/ophtalmo/pdf_lun.html: 7
[2016-12-31 21:06:55] EDIT recipepdf/views/ophtalmo/pdf_lun.html: 1
[2016-12-31 21:07:28] EDIT recipepdf/views/ophtalmo/pdf_lun.html: 0
[2016-12-31 21:10:56] EDIT recipepdf/views/ophtalmo/pdf_lun.html: 0
[2016-12-31 21:13:04] EDIT recipepdf/views/ophtalmo/pdf_lun.html: 7
[2016-12-31 21:13:36] EDIT recipepdf/views/ophtalmo/pdf_lun.html: 0
[2016-12-31 21:14:13] EDIT recipepdf/views/ophtalmo/pdf_lun.html: 0
[2016-12-31 21:14:53] EDIT recipepdf/views/ophtalmo/pdf_lun.html: 0
[2016-12-31 21:15:32] EDIT recipepdf/views/ophtalmo/pdf_lun.html: 0
[2016-12-31 21:16:01] EDIT recipepdf/views/ophtalmo/pdf_lun.html: -1
[2016-12-31 21:16:23] EDIT recipepdf/views/ophtalmo/pdf_lun.html: 1
[2016-12-31 21:25:37] EDIT recipepdf/views/ophtalmo/pdf_lun.html: 12
[2016-12-31 21:26:17] EDIT recipepdf/views/ophtalmo/pdf_lun.html: 1
[2016-12-31 21:26:56] EDIT recipepdf/views/ophtalmo/pdf_lun.html: 0
[2016-12-31 21:27:31] EDIT recipepdf/views/ophtalmo/pdf_lun.html: 0
[2016-12-31 21:28:11] EDIT recipepdf/views/ophtalmo/pdf_lun.html: 1
[2016-12-31 21:28:51] EDIT recipepdf/views/ophtalmo/pdf_lun.html: 0
[2016-12-31 21:28:53] EDIT recipepdf/views/ophtalmo/pdf_lun.html: 0
[2016-12-31 21:29:09] EDIT recipepdf/views/ophtalmo/pdf_lun.html: 0
[2016-12-31 23:05:26] EDIT recipepdf/views/ophtalmo/pdf_lun.html: 6
[2016-12-31 23:06:20] EDIT recipepdf/views/ophtalmo/pdf_lun.html: 1
[2016-12-31 23:07:14] EDIT recipepdf/views/ophtalmo/pdf_lun.html: 0
[2016-12-31 23:08:01] EDIT recipepdf/views/ophtalmo/pdf_lun.html: 0
[2016-12-31 23:08:48] EDIT recipepdf/views/ophtalmo/pdf_lun.html: 1
[2016-12-31 23:09:12] EDIT recipepdf/views/ophtalmo/pdf_lun.html: -1
[2016-12-31 23:10:21] EDIT recipepdf/views/ophtalmo/pdf_lun.html: 1
[2016-12-31 23:10:53] EDIT recipepdf/views/ophtalmo/pdf_lun.html: 0
[2016-12-31 23:11:00] EDIT recipepdf/views/ophtalmo/pdf_lun.html: 0
[2016-12-31 23:11:32] EDIT recipepdf/views/ophtalmo/pdf_lun.html: 0
[2016-12-31 23:12:21] EDIT recipepdf/views/ophtalmo/pdf_lun.html: -1
[2016-12-31 23:13:37] EDIT recipepdf/views/ophtalmo/pdf_lun.html: 0
[2016-12-31 23:14:02] EDIT recipepdf/views/ophtalmo/pdf_lun.html: 0
[2016-12-31 23:14:18] EDIT recipepdf/views/ophtalmo/pdf_lun.html: 0
[2016-12-31 23:14:46] EDIT recipepdf/views/ophtalmo/pdf_lun.html: 0
[2016-12-31 23:16:22] EDIT recipepdf/views/ophtalmo/pdf_lun.html: 0
[2016-12-31 23:16:56] EDIT recipepdf/views/ophtalmo/pdf_lun.html: 0
[2016-12-31 23:17:31] EDIT recipepdf/views/ophtalmo/pdf_lun.html: 0
[2016-12-31 23:18:14] EDIT recipepdf/views/ophtalmo/pdf_lun.html: 0
[2016-12-31 23:18:34] EDIT recipepdf/views/ophtalmo/pdf_lun.html: 0
[2016-12-31 23:24:29] EDIT recipepdf/views/ophtalmo/pdf_lun.html: 2
[2016-12-31 23:26:01] EDIT recipepdf/views/ophtalmo/pdf_lun.html: 0
[2016-12-31 23:27:22] EDIT recipepdf/views/ophtalmo/pdf_lun.html: 0
[2016-12-31 23:27:39] EDIT recipepdf/views/ophtalmo/pdf_lun.html: 0
[2016-12-31 23:29:00] EDIT recipepdf/views/ophtalmo/pdf_lun.html: 1
[2016-12-31 23:29:44] EDIT recipepdf/views/ophtalmo/pdf_lun.html: 0
[2017-01-01 02:41:16] EDIT recipepdf/views/ophtalmo/pdf_lun.html: 1
[2017-01-01 02:41:32] EDIT recipepdf/views/ophtalmo/pdf_lun.html: 0
[2017-01-01 02:41:57] EDIT recipepdf/views/ophtalmo/pdf_lun.html: 0
[2017-01-01 02:42:56] EDIT recipepdf/views/ophtalmo/pdf_lun.html: 0
[2017-01-01 02:43:51] EDIT recipepdf/views/ophtalmo/pdf_lun.html: 0
[2017-01-01 02:44:44] EDIT recipepdf/views/ophtalmo/pdf_lun.html: 0
[2017-01-01 02:46:25] EDIT recipepdf/views/ophtalmo/pdf_lun.html: -75
[2017-01-01 02:47:29] EDIT recipepdf/views/ophtalmo/pdf_lun.html: 3
[2017-01-01 02:48:24] EDIT recipepdf/views/ophtalmo/pdf_lun.html: 0
[2017-01-01 02:50:14] EDIT recipepdf/views/ophtalmo/pdf_lun.html: 0
[2017-01-01 02:50:38] EDIT recipepdf/views/ophtalmo/pdf_lun.html: 0
[2017-01-01 02:51:14] EDIT recipepdf/views/ophtalmo/pdf_lun.html: 0
[2017-01-01 02:51:49] EDIT recipepdf/views/ophtalmo/pdf_lun.html: 0
[2017-01-01 02:52:05] EDIT recipepdf/views/ophtalmo/pdf_lun.html: 0
[2017-01-01 02:53:12] EDIT recipepdf/views/ophtalmo/pdf_lun.html: 0
[2017-01-01 02:56:54] EDIT recipepdf/views/ophtalmo/pdf_lun.html: 0
[2017-01-01 02:57:45] EDIT recipepdf/views/ophtalmo/pdf_lun.html: 0
[2017-01-01 02:59:43] EDIT recipepdf/views/ophtalmo/pdf_lun.html: 1
[2017-01-01 03:00:44] EDIT recipepdf/views/ophtalmo/pdf_lun.html: 0
[2017-01-01 03:01:01] EDIT recipepdf/views/ophtalmo/pdf_lun.html: 0
[2017-01-01 03:02:24] EDIT recipepdf/views/ophtalmo/pdf_lun.html: 0
[2017-01-01 03:02:35] EDIT recipepdf/views/ophtalmo/pdf_lun.html: 0
[2017-01-01 03:03:22] EDIT recipepdf/views/ophtalmo/pdf_lun.html: 0
[2017-01-01 03:03:40] EDIT recipepdf/views/ophtalmo/pdf_lun.html: 0
[2017-01-01 03:08:33] EDIT recipepdf/views/ophtalmo/pdf_lun.html: 0
[2017-01-01 03:09:18] EDIT recipepdf/views/ophtalmo/pdf_lun.html: 0
[2017-01-01 03:10:32] EDIT recipepdf/views/ophtalmo/pdf_lun.html: 0
[2017-01-01 03:10:56] EDIT recipepdf/views/ophtalmo/pdf_lun.html: 0
[2017-01-01 03:13:13] EDIT recipepdf/views/ophtalmo/pdf_lun.html: 1
[2017-01-01 03:13:53] EDIT recipepdf/views/ophtalmo/pdf_lun.html: 0
[2017-01-01 03:14:19] EDIT recipepdf/views/ophtalmo/pdf_lun.html: 0
[2017-01-01 03:16:06] EDIT recipepdf/views/ophtalmo/pdf_lun.html: 11
[2017-01-01 03:16:41] EDIT recipepdf/views/ophtalmo/pdf_lun.html: 0
[2017-01-01 03:17:12] EDIT recipepdf/views/ophtalmo/pdf_lun.html: 1
[2017-01-01 03:18:10] EDIT recipepdf/views/ophtalmo/pdf_lun.html: 1
[2017-01-01 03:24:02] EDIT recipepdf/views/ophtalmo/pdf_lun.html: 1
[2017-01-01 03:24:52] EDIT recipepdf/views/ophtalmo/pdf_lun.html: -1
[2017-01-01 03:25:09] EDIT recipepdf/views/ophtalmo/pdf_lun.html: 0
[2017-01-01 03:32:07] EDIT recipepdf/views/ophtalmo/pdf_lun.html: 1
[2017-01-01 03:34:14] EDIT recipepdf/views/ophtalmo/pdf_lun.html: 1
[2017-01-01 03:34:37] EDIT recipepdf/views/ophtalmo/pdf_lun.html: -2
[2017-01-01 03:35:57] EDIT recipepdf/views/ophtalmo/pdf_lun.html: 0
[2017-01-01 03:36:49] EDIT recipepdf/views/ophtalmo/pdf_lun.html: 0
[2017-01-01 03:38:02] EDIT recipepdf/views/ophtalmo/pdf_lun.html: 2
[2017-01-01 03:39:33] EDIT recipepdf/views/ophtalmo/pdf_lun.html: 1
[2017-01-01 03:39:54] EDIT recipepdf/views/ophtalmo/pdf_lun.html: 0
[2017-01-01 03:40:22] EDIT recipepdf/views/ophtalmo/pdf_lun.html: 0
[2017-01-01 03:40:45] EDIT recipepdf/views/ophtalmo/pdf_lun.html: 0
[2017-01-01 03:41:03] EDIT recipepdf/views/ophtalmo/pdf_lun.html: 0
[2017-01-01 12:32:38] EDIT recipepdf/views/ophtalmo/pdf_lun.html: 0
[2017-01-01 12:34:42] EDIT recipepdf/views/ophtalmo/pdf_lun.html: 0
[2017-01-01 12:39:10] EDIT recipepdf/views/ophtalmo/pdf_lun.html: 9
[2017-01-01 12:39:31] EDIT recipepdf/views/ophtalmo/pdf_lun.html: 1
[2017-01-01 12:41:36] EDIT recipepdf/views/ophtalmo/pdf_lun.html: 8
[2017-01-01 12:46:10] EDIT recipepdf/views/ophtalmo/pdf_lun.html: 5
[2017-01-01 12:46:29] EDIT recipepdf/views/ophtalmo/pdf_lun.html: 0
[2017-01-01 12:48:42] EDIT recipepdf/views/ophtalmo/pdf_lun.html: 0
[2017-01-01 12:49:17] EDIT recipepdf/views/ophtalmo/pdf_lun.html: 0
[2017-01-01 12:52:39] EDIT recipepdf/views/ophtalmo/pdf_lun.html: 11
[2017-01-01 12:54:05] EDIT recipepdf/views/ophtalmo/pdf_lun.html: 0
[2017-01-01 12:54:12] EDIT recipepdf/views/ophtalmo/pdf_lun.html: 0
[2017-01-01 12:55:47] EDIT recipepdf/views/ophtalmo/pdf_lun.html: 0
[2017-01-01 12:58:32] EDIT recipepdf/views/ophtalmo/pdf_lun.html: 0
[2017-01-01 12:59:11] EDIT recipepdf/views/ophtalmo/pdf_lun.html: 3
[2017-01-01 13:01:04] EDIT recipepdf/views/ophtalmo/pdf_lun.html: 11
[2017-01-01 13:03:11] EDIT recipepdf/views/ophtalmo/pdf_lun.html: 2
[2017-01-01 13:10:34] EDIT recipepdf/views/ophtalmo/pdf_lun.html: -1
[2017-01-01 13:12:42] EDIT recipepdf/views/ophtalmo/pdf_lun.html: 1
[2017-01-01 13:13:21] EDIT recipepdf/views/ophtalmo/pdf_lun.html: 0
[2017-01-01 13:14:29] EDIT recipepdf/views/ophtalmo/pdf_lun.html: 0
[2017-01-01 13:22:30] EDIT recipepdf/views/ophtalmo/pdf_lun.html: 19
[2017-01-01 13:22:34] EDIT recipepdf/views/ophtalmo/pdf_lun.html: 0
[2017-01-01 13:23:33] EDIT recipepdf/views/ophtalmo/pdf_lun.html: 1
[2017-01-01 13:24:27] EDIT recipepdf/views/ophtalmo/pdf_lun.html: 0
[2017-01-01 13:24:39] EDIT recipepdf/views/ophtalmo/pdf_lun.html: 0
[2017-01-01 13:26:36] EDIT recipepdf/views/ophtalmo/pdf_lun.html: 1
[2017-01-01 13:27:13] EDIT recipepdf/views/ophtalmo/pdf_lun.html: 0
[2017-01-01 13:27:37] EDIT recipepdf/views/ophtalmo/pdf_lun.html: 0
[2017-01-01 13:28:58] EDIT recipepdf/views/ophtalmo/pdf_lun.html: 1
[2017-01-01 13:34:47] EDIT recipepdf/views/ophtalmo/pdf_lun.html: 6
[2017-01-01 13:35:08] EDIT recipepdf/views/ophtalmo/pdf_lun.html: 0
[2017-01-01 13:36:19] EDIT recipepdf/views/ophtalmo/pdf_lun.html: 1
[2017-01-01 13:36:39] EDIT recipepdf/views/ophtalmo/pdf_lun.html: 1
[2017-01-01 13:38:42] EDIT recipepdf/views/ophtalmo/pdf_lun.html: 0
[2017-01-01 13:39:29] EDIT recipepdf/views/ophtalmo/pdf_lun.html: 0
[2017-01-01 13:40:06] EDIT recipepdf/views/ophtalmo/pdf_lun.html: 0
[2017-01-01 14:54:55] EDIT recipepdf/views/ophtalmo/pdf_lun.html: 1
[2017-01-01 14:55:03] EDIT recipepdf/views/ophtalmo/pdf_lun.html: 0
[2017-01-01 14:59:17] EDIT recipepdf/views/ophtalmo/pdf_lun.html: 13
[2017-01-01 14:59:37] EDIT recipepdf/views/ophtalmo/pdf_lun.html: -9
[2017-01-01 15:00:23] EDIT recipepdf/views/ophtalmo/pdf_lun.html: 1
[2017-01-01 15:00:53] EDIT recipepdf/views/ophtalmo/pdf_lun.html: 1
[2017-01-01 15:03:01] EDIT recipepdf/views/ophtalmo/pdf_lun.html: 0
[2017-01-01 15:03:33] EDIT recipepdf/views/ophtalmo/pdf_lun.html: 0
[2017-01-01 15:04:14] EDIT recipepdf/views/ophtalmo/pdf_lun.html: 1
[2017-01-01 15:05:55] EDIT recipepdf/views/ophtalmo/pdf_lun.html: -1
[2017-01-01 15:07:26] EDIT recipepdf/views/ophtalmo/pdf_lun.html: 1
[2017-01-01 15:08:00] EDIT recipepdf/views/ophtalmo/pdf_lun.html: 0
[2017-01-01 15:11:59] EDIT recipepdf/views/ophtalmo/pdf_lun.html: 0
[2017-01-01 15:13:11] EDIT recipepdf/views/ophtalmo/pdf_lun.html: -1
[2017-01-01 15:14:45] EDIT recipepdf/views/ophtalmo/pdf_lun.html: 1
[2017-01-01 15:15:19] EDIT recipepdf/views/ophtalmo/pdf_lun.html: 0
[2017-01-01 15:19:21] EDIT recipepdf/views/ophtalmo/pdf_lun.html: -3
[2017-01-01 15:20:38] EDIT recipepdf/views/ophtalmo/pdf_lun.html: 0
[2017-01-01 15:20:58] EDIT recipepdf/views/ophtalmo/pdf_lun.html: 0
[2017-01-01 15:29:56] EDIT recipepdf/views/ophtalmo/pdf_lun.html: 9
[2017-01-01 15:30:53] EDIT recipepdf/views/ophtalmo/pdf_lun.html: 4
[2017-01-01 15:31:17] EDIT recipepdf/views/ophtalmo/pdf_lun.html: 0
[2017-01-01 15:32:00] EDIT recipepdf/views/ophtalmo/pdf_lun.html: 1
[2017-01-01 15:32:38] EDIT recipepdf/views/ophtalmo/pdf_lun.html: 0
[2017-01-01 15:36:07] EDIT recipepdf/views/ophtalmo/pdf_lun.html: 0
[2017-01-01 15:37:35] EDIT recipepdf/views/ophtalmo/pdf_lun.html: 0
[2017-01-01 15:38:08] EDIT recipepdf/views/ophtalmo/pdf_lun.html: 0
[2017-01-01 15:38:29] EDIT recipepdf/views/ophtalmo/pdf_lun.html: 0
[2017-01-01 15:39:28] EDIT recipepdf/views/ophtalmo/pdf_lun.html: 0
[2017-01-01 15:41:18] EDIT recipepdf/views/ophtalmo/pdf_lun.html: 0
[2017-01-01 15:41:48] EDIT recipepdf/views/ophtalmo/pdf_lun.html: 2
[2017-01-01 15:42:20] EDIT recipepdf/views/ophtalmo/pdf_lun.html: -1
[2017-01-01 15:44:19] EDIT recipepdf/views/ophtalmo/pdf_lun.html: -1
[2017-01-01 15:44:29] EDIT recipepdf/views/ophtalmo/pdf_lun.html: 0
[2017-01-01 15:45:17] EDIT recipepdf/views/ophtalmo/pdf_lun.html: 0
[2017-01-01 15:45:39] EDIT recipepdf/views/ophtalmo/pdf_lun.html: 0
[2017-01-01 15:47:49] EDIT recipepdf/views/ophtalmo/pdf_lun.html: 0
[2017-01-01 15:49:25] EDIT recipepdf/views/ophtalmo/pdf_lun.html: 0
[2017-01-01 15:50:02] EDIT recipepdf/views/ophtalmo/pdf_lun.html: 0
[2017-01-01 15:52:09] EDIT recipepdf/views/ophtalmo/pdf_lun.html: 0
[2017-01-01 15:53:15] EDIT recipepdf/views/ophtalmo/pdf_lun.html: 0
[2017-01-01 15:54:50] EDIT recipepdf/views/ophtalmo/pdf_lun.html: 0
[2017-01-01 15:55:40] EDIT recipepdf/views/ophtalmo/pdf_lun.html: 0
[2017-01-01 15:57:34] EDIT recipepdf/views/ophtalmo/pdf_lun.html: 0
[2017-01-01 15:58:34] EDIT recipepdf/views/ophtalmo/pdf_lun.html: 0
[2017-01-01 15:59:56] EDIT recipepdf/views/ophtalmo/pdf_lun.html: 0
[2017-01-01 16:00:40] EDIT recipepdf/views/ophtalmo/pdf_lun.html: 0
[2017-01-01 16:01:33] EDIT recipepdf/views/ophtalmo/pdf_lun.html: 0
[2017-01-01 16:03:25] EDIT recipepdf/views/ophtalmo/pdf_lun.html: 0
[2017-01-01 16:05:18] EDIT recipepdf/views/ophtalmo/pdf_lun.html: 0
[2017-01-01 16:05:57] EDIT recipepdf/views/ophtalmo/pdf_lun.html: 0
[2017-01-01 16:06:32] EDIT recipepdf/views/ophtalmo/pdf_lun.html: 0
[2017-01-01 16:08:46] EDIT recipepdf/views/ophtalmo/pdf_lun.html: 0
[2017-01-01 16:10:34] EDIT recipepdf/views/ophtalmo/pdf_lun.html: 0
[2017-01-01 16:11:26] EDIT recipepdf/views/ophtalmo/pdf_lun.html: 0
[2017-01-01 16:12:22] EDIT recipepdf/views/ophtalmo/pdf_lun.html: 0
[2017-01-01 16:12:47] EDIT recipepdf/views/ophtalmo/pdf_lun.html: 3
[2017-01-01 16:13:04] EDIT recipepdf/views/ophtalmo/pdf_lun.html: 0
[2017-01-01 16:14:29] EDIT recipepdf/controllers/ophtalmo.py: 0
[2017-01-01 16:18:25] EDIT recipepdf/views/ophtalmo/pdf_lun.html: 2
[2017-01-01 16:18:45] EDIT recipepdf/views/ophtalmo/pdf_lun.html: 1
[2017-01-01 16:19:39] EDIT recipepdf/views/ophtalmo/pdf_lun.html: -1
[2017-01-01 16:20:29] EDIT recipepdf/views/ophtalmo/pdf_lun.html: 3
[2017-01-01 16:20:39] EDIT recipepdf/views/ophtalmo/pdf_lun.html: 1
[2017-01-01 16:23:02] EDIT recipepdf/views/ophtalmo/pdf_lun.html: 10
[2017-01-01 16:23:46] EDIT recipepdf/views/ophtalmo/pdf_lun.html: 1
[2017-01-01 16:24:01] EDIT recipepdf/views/ophtalmo/pdf_lun.html: 1
[2017-01-01 16:25:01] EDIT recipepdf/views/ophtalmo/pdf_lun.html: 0
[2017-01-01 16:25:42] EDIT recipepdf/views/ophtalmo/pdf_lun.html: 0
[2017-01-01 16:26:25] EDIT recipepdf/views/ophtalmo/pdf_lun.html: 0
[2017-01-01 16:27:43] EDIT recipepdf/views/ophtalmo/pdf_lun.html: 0
[2017-01-01 16:29:20] EDIT recipepdf/views/ophtalmo/pdf_lun.html: 2
[2017-01-01 16:30:52] EDIT recipepdf/views/ophtalmo/pdf_lun.html: 0
[2017-01-01 16:34:15] EDIT recipepdf/views/ophtalmo/pdf_lun.html: 0
[2017-01-01 16:35:13] EDIT recipepdf/views/ophtalmo/pdf_lun.html: 1
[2017-01-01 16:38:17] EDIT recipepdf/views/ophtalmo/pdf_lun.html: 1
[2017-01-01 16:39:23] EDIT recipepdf/views/ophtalmo/pdf_lun.html: 0
[2017-01-01 16:39:47] EDIT recipepdf/views/ophtalmo/pdf_lun.html: 0
[2017-01-01 16:40:10] EDIT recipepdf/views/ophtalmo/pdf_lun.html: 0
[2017-01-01 16:40:31] EDIT recipepdf/views/ophtalmo/pdf_lun.html: 0
[2017-01-01 16:44:00] EDIT recipepdf/views/ophtalmo/pdf_lun.html: 1
[2017-01-01 16:45:10] EDIT recipepdf/views/ophtalmo/pdf_lun.html: 0
[2017-01-01 16:46:57] EDIT recipepdf/views/ophtalmo/pdf_lun.html: 2
[2017-01-01 16:47:41] EDIT recipepdf/views/ophtalmo/pdf_lun.html: -1
[2017-01-01 16:48:17] EDIT recipepdf/views/ophtalmo/pdf_lun.html: -1
[2017-01-01 17:15:17] EDIT recipepdf/views/ophtalmo/pdf_lun.html: 1
[2017-01-01 18:10:14] EDIT recipepdf/controllers/ophtalmo.py: 0
[2017-01-01 18:34:48] EDIT recipepdf/controllers/ophtalmo.py: 3
[2017-01-01 18:35:15] CREATE ophtalmo/presc_med.html: 0
[2017-01-01 18:36:13] EDIT recipepdf/views/ophtalmo/presc_med.html: 4
[2017-01-01 18:39:24] EDIT recipepdf/views/ophtalmo/presc_med.html: 10
[2017-01-01 18:39:56] EDIT recipepdf/controllers/ophtalmo.py: 0
[2017-01-01 18:41:23] EDIT recipepdf/views/ophtalmo/presc_med.html: -3
[2017-01-01 18:41:47] EDIT recipepdf/controllers/ophtalmo.py: 0
[2017-01-01 18:43:08] EDIT recipepdf/controllers/ophtalmo.py: 0
[2017-01-01 18:43:46] EDIT recipepdf/controllers/ophtalmo.py: 0
[2017-01-01 18:44:18] EDIT recipepdf/controllers/ophtalmo.py: 0
[2017-01-01 18:44:29] EDIT recipepdf/views/ophtalmo/presc_med.html: 0
[2017-01-01 18:45:25] EDIT recipepdf/controllers/ophtalmo.py: 0
[2017-01-01 18:57:32] EDIT recipepdf/controllers/ophtalmo.py: 0
[2017-01-01 19:02:33] EDIT recipepdf/views/ophtalmo/presc_med.html: 0
[2017-01-01 19:02:54] EDIT recipepdf/controllers/ophtalmo.py: 0
[2017-01-01 19:10:45] EDIT recipepdf/views/ophtalmo/presc_med.html: 3
[2017-01-01 19:14:47] EDIT recipepdf/views/ophtalmo/presc_med.html: 8
[2017-01-01 19:14:52] EDIT recipepdf/views/ophtalmo/presc_med.html: 0
[2017-01-01 19:17:12] EDIT recipepdf/controllers/ophtalmo.py: 1
[2017-01-01 19:17:36] EDIT recipepdf/views/ophtalmo/presc_med.html: 1
[2017-01-01 19:18:30] EDIT recipepdf/controllers/ophtalmo.py: 0
[2017-01-01 19:21:12] EDIT recipepdf/views/ophtalmo/presc_med.html: 0
[2017-01-01 19:31:04] EDIT recipepdf/views/ophtalmo/presc_med.html: 7
[2017-01-01 19:31:26] EDIT recipepdf/views/ophtalmo/presc_med.html: 0
[2017-01-01 19:32:27] EDIT recipepdf/views/ophtalmo/presc_med.html: 0
[2017-01-01 19:33:49] EDIT recipepdf/views/ophtalmo/presc_med.html: 0
[2017-01-01 19:35:41] EDIT recipepdf/views/ophtalmo/presc_med.html: 1
[2017-01-01 19:37:49] EDIT recipepdf/views/ophtalmo/presc_med.html: 0
[2017-01-01 19:38:34] EDIT recipepdf/views/ophtalmo/presc_med.html: 0
[2017-01-01 19:38:55] EDIT recipepdf/views/ophtalmo/presc_med.html: 0
[2017-01-01 19:39:20] EDIT recipepdf/views/ophtalmo/presc_med.html: 0
[2017-01-01 19:41:24] EDIT recipepdf/views/ophtalmo/presc_med.html: 1
[2017-01-01 19:44:22] EDIT recipepdf/views/ophtalmo/presc_med.html: 2
[2017-01-01 19:45:16] EDIT recipepdf/views/ophtalmo/presc_med.html: 1
[2017-01-01 19:45:39] EDIT recipepdf/views/ophtalmo/presc_med.html: 0
[2017-01-01 19:49:25] EDIT recipepdf/views/ophtalmo/presc_med.html: 2
[2017-01-01 19:49:49] EDIT recipepdf/views/ophtalmo/presc_med.html: 0
[2017-01-01 19:50:11] EDIT recipepdf/views/ophtalmo/presc_med.html: 0
[2017-01-01 19:50:26] EDIT recipepdf/views/ophtalmo/presc_med.html: 0
[2017-01-01 19:51:12] EDIT recipepdf/views/ophtalmo/presc_med.html: 0
[2017-01-01 19:52:05] EDIT recipepdf/views/ophtalmo/presc_med.html: 0
[2017-01-01 19:52:48] EDIT recipepdf/views/ophtalmo/presc_med.html: 0
[2017-01-01 19:53:15] EDIT recipepdf/views/ophtalmo/presc_med.html: 0
[2017-01-01 19:54:25] EDIT recipepdf/views/ophtalmo/presc_med.html: 0
[2017-01-01 19:59:20] EDIT recipepdf/views/ophtalmo/pdf_lun.html: 4
[2017-01-01 19:59:43] EDIT recipepdf/views/ophtalmo/presc_med.html: 0
[2017-01-01 19:59:48] EDIT recipepdf/views/ophtalmo/presc_med.html: 0
[2017-01-01 20:02:22] EDIT recipepdf/views/ophtalmo/presc_med.html: 0
[2017-01-01 20:02:56] EDIT recipepdf/views/ophtalmo/presc_med.html: 0
[2017-01-01 20:03:22] EDIT recipepdf/views/ophtalmo/presc_med.html: 0
[2017-01-01 20:03:39] EDIT recipepdf/views/ophtalmo/presc_med.html: 0
[2017-01-01 20:04:13] EDIT recipepdf/views/ophtalmo/presc_med.html: 0
[2017-01-01 20:04:47] EDIT recipepdf/views/ophtalmo/presc_med.html: 0
[2017-01-01 20:05:26] EDIT recipepdf/views/ophtalmo/presc_med.html: 0
[2017-01-01 20:06:21] EDIT recipepdf/views/ophtalmo/presc_med.html: 0
[2017-01-01 20:06:50] EDIT recipepdf/views/ophtalmo/presc_med.html: 0
[2017-01-01 20:07:15] EDIT recipepdf/views/ophtalmo/presc_med.html: 0
[2017-01-01 20:07:32] EDIT recipepdf/views/ophtalmo/presc_med.html: 0
[2017-01-01 22:22:31] EDIT recipepdf/views/ophtalmo/presc_med.html: -2
[2017-01-01 22:24:09] EDIT recipepdf/views/ophtalmo/presc_med.html: 0
[2017-01-01 22:24:47] EDIT recipepdf/views/ophtalmo/presc_med.html: 0
[2017-01-01 22:26:02] EDIT recipepdf/views/ophtalmo/presc_med.html: 0
[2017-01-01 22:26:17] EDIT recipepdf/views/ophtalmo/presc_med.html: 0
[2017-01-01 22:26:55] EDIT recipepdf/views/ophtalmo/presc_med.html: 0
[2017-01-01 22:27:16] EDIT recipepdf/views/ophtalmo/presc_med.html: 0
[2017-01-01 22:27:45] EDIT recipepdf/views/ophtalmo/presc_med.html: 0
[2017-01-01 22:28:29] EDIT recipepdf/views/ophtalmo/presc_med.html: 0
[2017-01-01 22:29:11] EDIT recipepdf/views/ophtalmo/presc_med.html: 0
[2017-01-01 22:29:46] EDIT recipepdf/views/ophtalmo/presc_med.html: 0
[2017-01-01 22:32:49] EDIT recipepdf/views/ophtalmo/presc_med.html: 0
[2017-01-01 22:33:39] EDIT recipepdf/views/ophtalmo/presc_med.html: 0
[2017-01-01 22:34:58] EDIT recipepdf/views/ophtalmo/presc_med.html: 0
[2017-01-01 22:36:14] EDIT recipepdf/views/ophtalmo/presc_med.html: 0
[2017-01-01 22:36:30] EDIT recipepdf/views/ophtalmo/presc_med.html: 0
[2017-01-01 22:37:38] EDIT recipepdf/views/ophtalmo/presc_med.html: 0
[2017-01-01 22:39:27] EDIT recipepdf/views/ophtalmo/presc_med.html: 0
[2017-01-01 22:41:37] EDIT recipepdf/views/ophtalmo/presc_med.html: 0
[2017-01-01 22:43:31] EDIT recipepdf/views/ophtalmo/presc_med.html: 0
[2017-01-01 22:43:45] EDIT recipepdf/views/ophtalmo/presc_med.html: 0
[2017-01-01 22:44:10] EDIT recipepdf/views/ophtalmo/presc_med.html: 0
[2017-01-01 23:08:49] EDIT recipepdf/views/ophtalmo/presc_med.html: 0
[2017-01-01 23:09:09] EDIT recipepdf/views/ophtalmo/presc_med.html: 0
[2017-01-01 23:09:29] EDIT recipepdf/views/ophtalmo/presc_med.html: 0
[2017-01-01 23:11:13] EDIT recipepdf/views/ophtalmo/presc_med.html: 0
[2017-01-01 23:16:15] EDIT recipepdf/views/ophtalmo/presc_med.html: 13
[2017-01-01 23:17:13] EDIT recipepdf/views/ophtalmo/presc_med.html: 7
[2017-01-01 23:20:27] EDIT recipepdf/views/ophtalmo/presc_med.html: -20
[2017-01-01 23:21:02] EDIT recipepdf/views/ophtalmo/presc_med.html: 0
[2017-01-01 23:33:28] EDIT recipepdf/views/ophtalmo/presc_med.html: 4
[2017-01-01 23:33:54] EDIT recipepdf/views/ophtalmo/presc_med.html: 2
[2017-01-01 23:34:35] EDIT recipepdf/views/ophtalmo/presc_med.html: -1
[2017-01-01 23:37:24] EDIT recipepdf/views/ophtalmo/presc_med.html: -5
[2017-01-01 23:37:54] EDIT recipepdf/views/ophtalmo/presc_med.html: 0
[2017-01-01 23:38:45] EDIT recipepdf/views/ophtalmo/presc_med.html: 0
[2017-01-01 23:40:09] EDIT recipepdf/views/ophtalmo/presc_med.html: 5
[2017-01-01 23:41:28] EDIT recipepdf/views/ophtalmo/presc_med.html: -4
[2017-01-01 23:42:08] EDIT recipepdf/views/ophtalmo/presc_med.html: 37
[2017-01-01 23:45:20] EDIT recipepdf/views/ophtalmo/presc_med.html: 5
[2017-01-01 23:45:55] EDIT recipepdf/views/ophtalmo/presc_med.html: -1
[2017-01-01 23:46:29] EDIT recipepdf/views/ophtalmo/presc_med.html: 7
[2017-01-01 23:47:48] EDIT recipepdf/views/ophtalmo/presc_med.html: 0
[2017-01-01 23:49:22] EDIT recipepdf/views/ophtalmo/presc_med.html: 0
[2017-01-01 23:49:57] EDIT recipepdf/views/ophtalmo/presc_med.html: -37
[2017-01-01 23:52:19] EDIT recipepdf/views/ophtalmo/presc_med.html: 4
[2017-01-01 23:57:26] EDIT recipepdf/views/ophtalmo/presc_med.html: 0
[2017-01-01 23:58:48] EDIT recipepdf/views/ophtalmo/presc_med.html: 5
[2017-01-01 23:59:16] EDIT recipepdf/views/ophtalmo/presc_med.html: 0
[2017-01-02 00:00:43] EDIT recipepdf/views/ophtalmo/presc_med.html: 0
[2017-01-02 00:01:24] EDIT recipepdf/views/ophtalmo/presc_med.html: 0
[2017-01-02 00:02:01] EDIT recipepdf/views/ophtalmo/presc_med.html: 0
[2017-01-02 00:02:27] EDIT recipepdf/views/ophtalmo/presc_med.html: 0
[2017-01-02 00:07:25] EDIT recipepdf/views/ophtalmo/presc_med.html: 9
[2017-01-02 00:07:53] EDIT recipepdf/views/ophtalmo/presc_med.html: 0
[2017-01-02 00:09:33] EDIT recipepdf/views/ophtalmo/presc_med.html: 0
[2017-01-02 00:10:47] EDIT recipepdf/views/ophtalmo/presc_med.html: 0
[2017-01-02 00:12:04] EDIT recipepdf/views/ophtalmo/presc_med.html: 1
[2017-01-02 00:12:20] EDIT recipepdf/views/ophtalmo/presc_med.html: 0
[2017-01-02 00:12:46] EDIT recipepdf/views/ophtalmo/presc_med.html: 0
[2017-01-02 00:13:08] EDIT recipepdf/views/ophtalmo/presc_med.html: 0
[2017-01-02 00:13:39] EDIT recipepdf/views/ophtalmo/presc_med.html: 0
[2017-01-02 00:14:02] EDIT recipepdf/views/ophtalmo/presc_med.html: 0
[2017-01-02 00:14:58] EDIT recipepdf/views/ophtalmo/presc_med.html: 0
[2017-01-02 00:15:17] EDIT recipepdf/views/ophtalmo/presc_med.html: 0
[2017-01-02 00:18:45] EDIT recipepdf/views/ophtalmo/presc_med.html: 9
[2017-01-02 00:21:29] EDIT recipepdf/views/ophtalmo/presc_med.html: 1
[2017-01-02 00:21:54] EDIT recipepdf/views/ophtalmo/presc_med.html: 0
[2017-01-02 00:22:21] EDIT recipepdf/views/ophtalmo/presc_med.html: 0
[2017-01-02 00:27:10] EDIT recipepdf/views/ophtalmo/presc_med.html: 5
[2017-01-02 00:27:57] EDIT recipepdf/views/ophtalmo/presc_med.html: 2
[2017-01-02 00:31:02] EDIT recipepdf/views/ophtalmo/presc_med.html: 4
[2017-01-02 00:31:21] EDIT recipepdf/views/ophtalmo/presc_med.html: 0
[2017-01-02 00:32:06] EDIT recipepdf/views/ophtalmo/presc_med.html: 0
[2017-01-02 00:34:11] EDIT recipepdf/views/ophtalmo/presc_med.html: 8
[2017-01-02 00:35:29] EDIT recipepdf/views/ophtalmo/presc_med.html: 0
[2017-01-02 00:36:50] EDIT recipepdf/views/ophtalmo/presc_med.html: 0
[2017-01-02 00:37:22] EDIT recipepdf/views/ophtalmo/presc_med.html: 0
[2017-01-02 00:41:42] EDIT recipepdf/views/ophtalmo/presc_med.html: 0
[2017-01-02 00:41:48] EDIT recipepdf/views/ophtalmo/presc_med.html: 0
[2017-01-02 00:42:54] EDIT recipepdf/views/ophtalmo/presc_med.html: 0
[2017-01-02 00:43:18] EDIT recipepdf/views/ophtalmo/presc_med.html: 0
[2017-01-02 00:43:57] EDIT recipepdf/views/ophtalmo/presc_med.html: 0
[2017-01-02 00:44:50] EDIT recipepdf/views/ophtalmo/presc_med.html: 0
[2017-01-02 00:45:14] EDIT recipepdf/views/ophtalmo/presc_med.html: 0
[2017-01-02 00:46:06] EDIT recipepdf/views/ophtalmo/presc_med.html: 0
